
DevTools listening on ws://127.0.0.1:46365/devtools/browser/3cc06dad-8b52-4540-972f-7796869d0735

(google-chrome-stable:658824): Gtk-WARNING **: 14:32:13.682: include in Compose files not supported: include "/usr/share/X11/locale/en_US.UTF-8/Compose"

(google-chrome-stable:658824): Gtk-WARNING **: 14:32:13.682: Need to double-quote the value: "Ə" U018f: <Multi_key> <e> <e> 			: "Ə" U018f

(google-chrome-stable:658824): Gtk-WARNING **: 14:32:13.682: Need to double-quote the value: "〝" U301d	# REVERSED DOUBLE PRIME QUOTATION MARK: <Multi_key> <quotedbl> <backslash> 	: "〝" U301d	# REVERSED DOUBLE PRIME QUOTATION MARK

(google-chrome-stable:658824): Gtk-WARNING **: 14:32:13.682: Need to double-quote the value: "〞" U301e	# DOUBLE PRIME QUOTATION MARK: <Multi_key> <quotedbl> <slash>  	: "〞" U301e	# DOUBLE PRIME QUOTATION MARK

(google-chrome-stable:658824): Gtk-WARNING **: 14:32:13.682: Need to double-quote the value: "Ç" Ccedilla	# LATIN CAPITAL LETTER C WITH CEDILLA: <dead_acute> <C> 			: "Ç" Ccedilla	# LATIN CAPITAL LETTER C WITH CEDILLA

(google-chrome-stable:658824): Gtk-WARNING **: 14:32:13.682: Need to double-quote the value: "ç" ccedilla	# LATIN SMALL LETTER C WITH CEDILLA: <dead_acute> <c> 			: "ç" ccedilla	# LATIN SMALL LETTER C WITH CEDILLA

(google-chrome-stable:658824): Gtk-WARNING **: 14:32:13.682: Need to double-quote the value: "Ȩ" U0228	# LATIN CAPITAL LETTER E WITH CEDILLA: <Multi_key> <comma> <E> 		: "Ȩ" U0228	# LATIN CAPITAL LETTER E WITH CEDILLA

(google-chrome-stable:658824): Gtk-WARNING **: 14:32:13.682: Need to double-quote the value: "ȩ" U0229	# LATIN SMALL LETTER E WITH CEDILLA: <Multi_key> <comma> <e> 		: "ȩ" U0229	# LATIN SMALL LETTER E WITH CEDILLA

(google-chrome-stable:658824): Gtk-WARNING **: 14:32:13.682: Need to double-quote the value: "Ḝ" U1E1C	# LATIN CAPITAL LETTER E WITH CEDILLA AND BREVE: <Multi_key> <U> <comma> <E> 		: "Ḝ" U1E1C	# LATIN CAPITAL LETTER E WITH CEDILLA AND BREVE

(google-chrome-stable:658824): Gtk-WARNING **: 14:32:13.682: Need to double-quote the value: "ḝ" U1E1D	# LATIN SMALL LETTER E WITH CEDILLA AND BREVE: <Multi_key> <U> <comma> <e> 		: "ḝ" U1E1D	# LATIN SMALL LETTER E WITH CEDILLA AND BREVE

(google-chrome-stable:658824): Gtk-WARNING **: 14:32:13.682: Need to double-quote the value: "ϓ" U03D3	# GREEK UPSILON WITH ACUTE AND HOOK SYMBOL: <Multi_key> <acute> <U03D2> 		: "ϓ" U03D3	# GREEK UPSILON WITH ACUTE AND HOOK SYMBOL

(google-chrome-stable:658824): Gtk-WARNING **: 14:32:13.682: Need to double-quote the value: "ϓ" U03D3	# GREEK UPSILON WITH ACUTE AND HOOK SYMBOL: <Multi_key> <apostrophe> <U03D2> 	: "ϓ" U03D3	# GREEK UPSILON WITH ACUTE AND HOOK SYMBOL
mesa: for the --simplifycfg-sink-common option: may only occur zero or one times!
mesa: for the --global-isel-abort option: may only occur zero or one times!
mesa: for the --amdgpu-atomic-optimizations option: may only occur zero or one times!
[658867:658867:0613/143213.779662:ERROR:sandbox_linux.cc(377)] InitializeSandbox() called with multiple threads in process gpu-process.
[658824:658824:0613/143214.730115:ERROR:interface_endpoint_client.cc(659)] Message 0 rejected by interface blink.mojom.WidgetHost

DevTools listening on ws://127.0.0.1:45451/devtools/browser/769e8d89-2344-4fa9-9371-06a71e312f83

(google-chrome-stable:659562): Gtk-WARNING **: 14:33:06.721: include in Compose files not supported: include "/usr/share/X11/locale/en_US.UTF-8/Compose"

(google-chrome-stable:659562): Gtk-WARNING **: 14:33:06.721: Need to double-quote the value: "Ə" U018f: <Multi_key> <e> <e> 			: "Ə" U018f

(google-chrome-stable:659562): Gtk-WARNING **: 14:33:06.721: Need to double-quote the value: "〝" U301d	# REVERSED DOUBLE PRIME QUOTATION MARK: <Multi_key> <quotedbl> <backslash> 	: "〝" U301d	# REVERSED DOUBLE PRIME QUOTATION MARK

(google-chrome-stable:659562): Gtk-WARNING **: 14:33:06.721: Need to double-quote the value: "〞" U301e	# DOUBLE PRIME QUOTATION MARK: <Multi_key> <quotedbl> <slash>  	: "〞" U301e	# DOUBLE PRIME QUOTATION MARK

(google-chrome-stable:659562): Gtk-WARNING **: 14:33:06.721: Need to double-quote the value: "Ç" Ccedilla	# LATIN CAPITAL LETTER C WITH CEDILLA: <dead_acute> <C> 			: "Ç" Ccedilla	# LATIN CAPITAL LETTER C WITH CEDILLA

(google-chrome-stable:659562): Gtk-WARNING **: 14:33:06.721: Need to double-quote the value: "ç" ccedilla	# LATIN SMALL LETTER C WITH CEDILLA: <dead_acute> <c> 			: "ç" ccedilla	# LATIN SMALL LETTER C WITH CEDILLA

(google-chrome-stable:659562): Gtk-WARNING **: 14:33:06.721: Need to double-quote the value: "Ȩ" U0228	# LATIN CAPITAL LETTER E WITH CEDILLA: <Multi_key> <comma> <E> 		: "Ȩ" U0228	# LATIN CAPITAL LETTER E WITH CEDILLA

(google-chrome-stable:659562): Gtk-WARNING **: 14:33:06.721: Need to double-quote the value: "ȩ" U0229	# LATIN SMALL LETTER E WITH CEDILLA: <Multi_key> <comma> <e> 		: "ȩ" U0229	# LATIN SMALL LETTER E WITH CEDILLA

(google-chrome-stable:659562): Gtk-WARNING **: 14:33:06.721: Need to double-quote the value: "Ḝ" U1E1C	# LATIN CAPITAL LETTER E WITH CEDILLA AND BREVE: <Multi_key> <U> <comma> <E> 		: "Ḝ" U1E1C	# LATIN CAPITAL LETTER E WITH CEDILLA AND BREVE

(google-chrome-stable:659562): Gtk-WARNING **: 14:33:06.721: Need to double-quote the value: "ḝ" U1E1D	# LATIN SMALL LETTER E WITH CEDILLA AND BREVE: <Multi_key> <U> <comma> <e> 		: "ḝ" U1E1D	# LATIN SMALL LETTER E WITH CEDILLA AND BREVE

(google-chrome-stable:659562): Gtk-WARNING **: 14:33:06.721: Need to double-quote the value: "ϓ" U03D3	# GREEK UPSILON WITH ACUTE AND HOOK SYMBOL: <Multi_key> <acute> <U03D2> 		: "ϓ" U03D3	# GREEK UPSILON WITH ACUTE AND HOOK SYMBOL

(google-chrome-stable:659562): Gtk-WARNING **: 14:33:06.721: Need to double-quote the value: "ϓ" U03D3	# GREEK UPSILON WITH ACUTE AND HOOK SYMBOL: <Multi_key> <apostrophe> <U03D2> 	: "ϓ" U03D3	# GREEK UPSILON WITH ACUTE AND HOOK SYMBOL
mesa: for the --simplifycfg-sink-common option: may only occur zero or one times!
mesa: for the --global-isel-abort option: may only occur zero or one times!
mesa: for the --amdgpu-atomic-optimizations option: may only occur zero or one times!
[659604:659604:0613/143306.814382:ERROR:sandbox_linux.cc(377)] InitializeSandbox() called with multiple threads in process gpu-process.

DevTools listening on ws://127.0.0.1:39131/devtools/browser/f49010ea-e990-4b23-94e8-11e95aa3f2ad

(google-chrome-stable:662370): Gtk-WARNING **: 14:39:27.859: include in Compose files not supported: include "/usr/share/X11/locale/en_US.UTF-8/Compose"

(google-chrome-stable:662370): Gtk-WARNING **: 14:39:27.859: Need to double-quote the value: "Ə" U018f: <Multi_key> <e> <e> 			: "Ə" U018f

(google-chrome-stable:662370): Gtk-WARNING **: 14:39:27.859: Need to double-quote the value: "〝" U301d	# REVERSED DOUBLE PRIME QUOTATION MARK: <Multi_key> <quotedbl> <backslash> 	: "〝" U301d	# REVERSED DOUBLE PRIME QUOTATION MARK

(google-chrome-stable:662370): Gtk-WARNING **: 14:39:27.859: Need to double-quote the value: "〞" U301e	# DOUBLE PRIME QUOTATION MARK: <Multi_key> <quotedbl> <slash>  	: "〞" U301e	# DOUBLE PRIME QUOTATION MARK

(google-chrome-stable:662370): Gtk-WARNING **: 14:39:27.859: Need to double-quote the value: "Ç" Ccedilla	# LATIN CAPITAL LETTER C WITH CEDILLA: <dead_acute> <C> 			: "Ç" Ccedilla	# LATIN CAPITAL LETTER C WITH CEDILLA

(google-chrome-stable:662370): Gtk-WARNING **: 14:39:27.859: Need to double-quote the value: "ç" ccedilla	# LATIN SMALL LETTER C WITH CEDILLA: <dead_acute> <c> 			: "ç" ccedilla	# LATIN SMALL LETTER C WITH CEDILLA

(google-chrome-stable:662370): Gtk-WARNING **: 14:39:27.859: Need to double-quote the value: "Ȩ" U0228	# LATIN CAPITAL LETTER E WITH CEDILLA: <Multi_key> <comma> <E> 		: "Ȩ" U0228	# LATIN CAPITAL LETTER E WITH CEDILLA

(google-chrome-stable:662370): Gtk-WARNING **: 14:39:27.859: Need to double-quote the value: "ȩ" U0229	# LATIN SMALL LETTER E WITH CEDILLA: <Multi_key> <comma> <e> 		: "ȩ" U0229	# LATIN SMALL LETTER E WITH CEDILLA

(google-chrome-stable:662370): Gtk-WARNING **: 14:39:27.859: Need to double-quote the value: "Ḝ" U1E1C	# LATIN CAPITAL LETTER E WITH CEDILLA AND BREVE: <Multi_key> <U> <comma> <E> 		: "Ḝ" U1E1C	# LATIN CAPITAL LETTER E WITH CEDILLA AND BREVE

(google-chrome-stable:662370): Gtk-WARNING **: 14:39:27.859: Need to double-quote the value: "ḝ" U1E1D	# LATIN SMALL LETTER E WITH CEDILLA AND BREVE: <Multi_key> <U> <comma> <e> 		: "ḝ" U1E1D	# LATIN SMALL LETTER E WITH CEDILLA AND BREVE

(google-chrome-stable:662370): Gtk-WARNING **: 14:39:27.859: Need to double-quote the value: "ϓ" U03D3	# GREEK UPSILON WITH ACUTE AND HOOK SYMBOL: <Multi_key> <acute> <U03D2> 		: "ϓ" U03D3	# GREEK UPSILON WITH ACUTE AND HOOK SYMBOL

(google-chrome-stable:662370): Gtk-WARNING **: 14:39:27.859: Need to double-quote the value: "ϓ" U03D3	# GREEK UPSILON WITH ACUTE AND HOOK SYMBOL: <Multi_key> <apostrophe> <U03D2> 	: "ϓ" U03D3	# GREEK UPSILON WITH ACUTE AND HOOK SYMBOL
mesa: for the --simplifycfg-sink-common option: may only occur zero or one times!
mesa: for the --global-isel-abort option: may only occur zero or one times!
mesa: for the --amdgpu-atomic-optimizations option: may only occur zero or one times!

DevTools listening on ws://127.0.0.1:38657/devtools/browser/6d5ccda5-be65-424a-ae9f-be770bf495ac

(google-chrome-stable:681526): Gtk-WARNING **: 15:21:16.391: include in Compose files not supported: include "/usr/share/X11/locale/en_US.UTF-8/Compose"

(google-chrome-stable:681526): Gtk-WARNING **: 15:21:16.391: Need to double-quote the value: "Ə" U018f: <Multi_key> <e> <e> 			: "Ə" U018f

(google-chrome-stable:681526): Gtk-WARNING **: 15:21:16.391: Need to double-quote the value: "〝" U301d	# REVERSED DOUBLE PRIME QUOTATION MARK: <Multi_key> <quotedbl> <backslash> 	: "〝" U301d	# REVERSED DOUBLE PRIME QUOTATION MARK

(google-chrome-stable:681526): Gtk-WARNING **: 15:21:16.391: Need to double-quote the value: "〞" U301e	# DOUBLE PRIME QUOTATION MARK: <Multi_key> <quotedbl> <slash>  	: "〞" U301e	# DOUBLE PRIME QUOTATION MARK

(google-chrome-stable:681526): Gtk-WARNING **: 15:21:16.391: Need to double-quote the value: "Ç" Ccedilla	# LATIN CAPITAL LETTER C WITH CEDILLA: <dead_acute> <C> 			: "Ç" Ccedilla	# LATIN CAPITAL LETTER C WITH CEDILLA

(google-chrome-stable:681526): Gtk-WARNING **: 15:21:16.391: Need to double-quote the value: "ç" ccedilla	# LATIN SMALL LETTER C WITH CEDILLA: <dead_acute> <c> 			: "ç" ccedilla	# LATIN SMALL LETTER C WITH CEDILLA

(google-chrome-stable:681526): Gtk-WARNING **: 15:21:16.391: Need to double-quote the value: "Ȩ" U0228	# LATIN CAPITAL LETTER E WITH CEDILLA: <Multi_key> <comma> <E> 		: "Ȩ" U0228	# LATIN CAPITAL LETTER E WITH CEDILLA

(google-chrome-stable:681526): Gtk-WARNING **: 15:21:16.391: Need to double-quote the value: "ȩ" U0229	# LATIN SMALL LETTER E WITH CEDILLA: <Multi_key> <comma> <e> 		: "ȩ" U0229	# LATIN SMALL LETTER E WITH CEDILLA

(google-chrome-stable:681526): Gtk-WARNING **: 15:21:16.391: Need to double-quote the value: "Ḝ" U1E1C	# LATIN CAPITAL LETTER E WITH CEDILLA AND BREVE: <Multi_key> <U> <comma> <E> 		: "Ḝ" U1E1C	# LATIN CAPITAL LETTER E WITH CEDILLA AND BREVE

(google-chrome-stable:681526): Gtk-WARNING **: 15:21:16.391: Need to double-quote the value: "ḝ" U1E1D	# LATIN SMALL LETTER E WITH CEDILLA AND BREVE: <Multi_key> <U> <comma> <e> 		: "ḝ" U1E1D	# LATIN SMALL LETTER E WITH CEDILLA AND BREVE

(google-chrome-stable:681526): Gtk-WARNING **: 15:21:16.391: Need to double-quote the value: "ϓ" U03D3	# GREEK UPSILON WITH ACUTE AND HOOK SYMBOL: <Multi_key> <acute> <U03D2> 		: "ϓ" U03D3	# GREEK UPSILON WITH ACUTE AND HOOK SYMBOL

(google-chrome-stable:681526): Gtk-WARNING **: 15:21:16.391: Need to double-quote the value: "ϓ" U03D3	# GREEK UPSILON WITH ACUTE AND HOOK SYMBOL: <Multi_key> <apostrophe> <U03D2> 	: "ϓ" U03D3	# GREEK UPSILON WITH ACUTE AND HOOK SYMBOL
mesa: for the --simplifycfg-sink-common option: may only occur zero or one times!
mesa: for the --global-isel-abort option: may only occur zero or one times!
mesa: for the --amdgpu-atomic-optimizations option: may only occur zero or one times!
